# JRE version: Java(TM) SE Runtime Environment (8.0_25-b18) (build 1.8.0_25-b18)
# Java VM: Java HotSpot(TM) 64-Bit Server VM (25.25-b02 mixed mode windows-amd64 compressed oops)
Heap:
 PSYoungGen      total 38400K, used 23611K [0x00000000d5780000, 0x00000000d8200000, 0x0000000100000000)
  eden space 33280K, 55% used [0x00000000d5780000,0x00000000d6995058,0x00000000d7800000)
  from space 5120K, 99% used [0x00000000d7d00000,0x00000000d81f9f50,0x00000000d8200000)
  to   space 5120K, 0% used [0x00000000d7800000,0x00000000d7800000,0x00000000d7d00000)
 ParOldGen       total 87552K, used 1089K [0x0000000080600000, 0x0000000085b80000, 0x00000000d5780000)
  object space 87552K, 1% used [0x0000000080600000,0x0000000080710480,0x0000000085b80000)
 Metaspace       used 18992K, capacity 19144K, committed 19328K, reserved 1067008K
  class space    used 2310K, capacity 2378K, committed 2432K, reserved 1048576K
GC Heap History (4 events):
Event: 6.947 GC heap before
{Heap before GC invocations=1 (full 0):
 PSYoungGen      total 38400K, used 33280K [0x00000000d5780000, 0x00000000d8200000, 0x0000000100000000)
  eden space 33280K, 100% used [0x00000000d5780000,0x00000000d7800000,0x00000000d7800000)
  from space 5120K, 0% used [0x00000000d7d00000,0x00000000d7d00000,0x00000000d8200000)
  to   space 5120K, 0% used [0x00000000d7800000,0x00000000d7800000,0x00000000d7d00000)
 ParOldGen       total 87552K, used 0K [0x0000000080600000, 0x0000000085b80000, 0x00000000d5780000)
  object space 87552K, 0% used [0x0000000080600000,0x0000000080600000,0x0000000085b80000)
 Metaspace       used 18339K, capacity 18496K, committed 18816K, reserved 1064960K
  class space    used 2276K, capacity 2314K, committed 2432K, reserved 1048576K
Event: 6.953 GC heap after
Heap after GC invocations=1 (full 0):
 PSYoungGen      total 38400K, used 5095K [0x00000000d5780000, 0x00000000d8200000, 0x0000000100000000)
  eden space 33280K, 0% used [0x00000000d5780000,0x00000000d5780000,0x00000000d7800000)
  from space 5120K, 99% used [0x00000000d7800000,0x00000000d7cf9db8,0x00000000d7d00000)
  to   space 5120K, 0% used [0x00000000d7d00000,0x00000000d7d00000,0x00000000d8200000)
 ParOldGen       total 87552K, used 865K [0x0000000080600000, 0x0000000085b80000, 0x00000000d5780000)
  object space 87552K, 0% used [0x0000000080600000,0x00000000806d8468,0x0000000085b80000)
 Metaspace       used 18339K, capacity 18496K, committed 18816K, reserved 1064960K
  class space    used 2276K, capacity 2314K, committed 2432K, reserved 1048576K
}
Event: 7.750 GC heap before
{Heap before GC invocations=2 (full 0):
 PSYoungGen      total 38400K, used 38375K [0x00000000d5780000, 0x00000000d8200000, 0x0000000100000000)
  eden space 33280K, 100% used [0x00000000d5780000,0x00000000d7800000,0x00000000d7800000)
  from space 5120K, 99% used [0x00000000d7800000,0x00000000d7cf9db8,0x00000000d7d00000)
  to   space 5120K, 0% used [0x00000000d7d00000,0x00000000d7d00000,0x00000000d8200000)
 ParOldGen       total 87552K, used 865K [0x0000000080600000, 0x0000000085b80000, 0x00000000d5780000)
  object space 87552K, 0% used [0x0000000080600000,0x00000000806d8468,0x0000000085b80000)
 Metaspace       used 18530K, capacity 18664K, committed 19072K, reserved 1067008K
  class space    used 2292K, capacity 2346K, committed 2432K, reserved 1048576K
Event: 7.755 GC heap after
Heap after GC invocations=2 (full 0):
 PSYoungGen      total 38400K, used 5095K [0x00000000d5780000, 0x00000000d8200000, 0x0000000100000000)
  eden space 33280K, 0% used [0x00000000d5780000,0x00000000d5780000,0x00000000d7800000)
  from space 5120K, 99% used [0x00000000d7d00000,0x00000000d81f9f50,0x00000000d8200000)
  to   space 5120K, 0% used [0x00000000d7800000,0x00000000d7800000,0x00000000d7d00000)
 ParOldGen       total 87552K, used 1089K [0x0000000080600000, 0x0000000085b80000, 0x00000000d5780000)
  object space 87552K, 1% used [0x0000000080600000,0x0000000080710480,0x0000000085b80000)
 Metaspace       used 18530K, capacity 18664K, committed 19072K, reserved 1067008K
  class space    used 2292K, capacity 2346K, committed 2432K, reserved 1048576K
}

