# JRE version: Java(TM) SE Runtime Environment (8.0_25-b18) (build 1.8.0_25-b18)
# Java VM: Java HotSpot(TM) 64-Bit Server VM (25.25-b02 mixed mode windows-amd64 compressed oops)
Heap:
 PSYoungGen      total 38400K, used 13322K [0x00000000d5780000, 0x00000000d8200000, 0x0000000100000000)
  eden space 33280K, 24% used [0x00000000d5780000,0x00000000d5f88ae0,0x00000000d7800000)
  from space 5120K, 99% used [0x00000000d7d00000,0x00000000d81f9f70,0x00000000d8200000)
  to   space 5120K, 0% used [0x00000000d7800000,0x00000000d7800000,0x00000000d7d00000)
 ParOldGen       total 87552K, used 144K [0x0000000080600000, 0x0000000085b80000, 0x00000000d5780000)
  object space 87552K, 0% used [0x0000000080600000,0x0000000080624000,0x0000000085b80000)
 Metaspace       used 19051K, capacity 19208K, committed 19584K, reserved 1067008K
  class space    used 2310K, capacity 2378K, committed 2432K, reserved 1048576K
GC Heap History (4 events):
Event: 21.523 GC heap before
{Heap before GC invocations=1 (full 0):
 PSYoungGen      total 38400K, used 33280K [0x00000000d5780000, 0x00000000d8200000, 0x0000000100000000)
  eden space 33280K, 100% used [0x00000000d5780000,0x00000000d7800000,0x00000000d7800000)
  from space 5120K, 0% used [0x00000000d7d00000,0x00000000d7d00000,0x00000000d8200000)
  to   space 5120K, 0% used [0x00000000d7800000,0x00000000d7800000,0x00000000d7d00000)
 ParOldGen       total 87552K, used 0K [0x0000000080600000, 0x0000000085b80000, 0x00000000d5780000)
  object space 87552K, 0% used [0x0000000080600000,0x0000000080600000,0x0000000085b80000)
 Metaspace       used 18412K, capacity 18568K, committed 18816K, reserved 1064960K
  class space    used 2276K, capacity 2314K, committed 2432K, reserved 1048576K
Event: 21.533 GC heap after
Heap after GC invocations=1 (full 0):
 PSYoungGen      total 38400K, used 4941K [0x00000000d5780000, 0x00000000d8200000, 0x0000000100000000)
  eden space 33280K, 0% used [0x00000000d5780000,0x00000000d5780000,0x00000000d7800000)
  from space 5120K, 96% used [0x00000000d7800000,0x00000000d7cd3570,0x00000000d7d00000)
  to   space 5120K, 0% used [0x00000000d7d00000,0x00000000d7d00000,0x00000000d8200000)
 ParOldGen       total 87552K, used 16K [0x0000000080600000, 0x0000000085b80000, 0x00000000d5780000)
  object space 87552K, 0% used [0x0000000080600000,0x0000000080604000,0x0000000085b80000)
 Metaspace       used 18412K, capacity 18568K, committed 18816K, reserved 1064960K
  class space    used 2276K, capacity 2314K, committed 2432K, reserved 1048576K
}
Event: 22.987 GC heap before
{Heap before GC invocations=2 (full 0):
 PSYoungGen      total 38400K, used 38221K [0x00000000d5780000, 0x00000000d8200000, 0x0000000100000000)
  eden space 33280K, 100% used [0x00000000d5780000,0x00000000d7800000,0x00000000d7800000)
  from space 5120K, 96% used [0x00000000d7800000,0x00000000d7cd3570,0x00000000d7d00000)
  to   space 5120K, 0% used [0x00000000d7d00000,0x00000000d7d00000,0x00000000d8200000)
 ParOldGen       total 87552K, used 16K [0x0000000080600000, 0x0000000085b80000, 0x00000000d5780000)
  object space 87552K, 0% used [0x0000000080600000,0x0000000080604000,0x0000000085b80000)
 Metaspace       used 18613K, capacity 18728K, committed 19072K, reserved 1067008K
  class space    used 2293K, capacity 2346K, committed 2432K, reserved 1048576K
Event: 22.992 GC heap after
Heap after GC invocations=2 (full 0):
 PSYoungGen      total 38400K, used 5095K [0x00000000d5780000, 0x00000000d8200000, 0x0000000100000000)
  eden space 33280K, 0% used [0x00000000d5780000,0x00000000d5780000,0x00000000d7800000)
  from space 5120K, 99% used [0x00000000d7d00000,0x00000000d81f9f70,0x00000000d8200000)
  to   space 5120K, 0% used [0x00000000d7800000,0x00000000d7800000,0x00000000d7d00000)
 ParOldGen       total 87552K, used 144K [0x0000000080600000, 0x0000000085b80000, 0x00000000d5780000)
  object space 87552K, 0% used [0x0000000080600000,0x0000000080624000,0x0000000085b80000)
 Metaspace       used 18613K, capacity 18728K, committed 19072K, reserved 1067008K
  class space    used 2293K, capacity 2346K, committed 2432K, reserved 1048576K
}

